Case #1
7
2 back
3 right
5 right
6 back
7 top
9 left
12 front

Case #2
4
1 bottom
3 top
5 right
6 front

Case #3
4
1 bottom
2 back
5 top
7 front

Case #4
5
4 right
5 bottom
6 right
7 left
8 front

Case #5
7
2 bottom
3 right
4 bottom
7 back
8 top
9 bottom
12 front

Case #6
47
1 bottom
2 front
4 top
5 top
6 back
9 bottom
12 top
17 bottom
18 right
19 left
20 left
22 bottom
25 top
26 left
27 left
28 front
32 top
33 right
38 bottom
39 top
41 top
46 back
48 top
49 left
52 left
53 bottom
55 left
57 top
58 front
61 back
64 top
65 top
68 right
69 bottom
71 left
72 front
73 back
77 front
78 back
81 right
84 top
87 back
89 right
94 top
98 left
99 right
100 right

Case #7
17
1 left
4 left
5 right
7 top
9 left
10 front
12 top
13 left
14 front
17 front
19 back
21 back
23 top
25 top
28 back
29 bottom
30 left

Case #8
12
1 right
2 top
4 bottom
6 left
11 back
14 front
16 front
18 left
20 left
21 back
24 front
27 bottom

Case #9
4
3 top
5 back
6 right
7 right

Case #10
2
1 bottom
2 bottom

Case #11
2
1 front
2 top

Case #12
22
1 back
5 left
6 back
7 front
10 top
12 right
15 top
16 left
20 left
22 left
23 back
25 back
26 back
28 back
29 right
30 left
31 left
34 back
36 front
38 bottom
40 top
41 front

Case #13
11
2 front
3 bottom
5 right
6 right
10 left
11 left
12 back
15 bottom
18 left
20 back
23 front

Case #14
5
1 front
2 back
5 bottom
9 front
10 back

Case #15
4
1 front
3 bottom
5 right
7 left

Case #16
3
1 bottom
4 front
6 back

Case #17
3
1 front
2 bottom
3 back

Case #18
7
1 top
4 bottom
5 top
6 top
8 top
10 top
12 bottom

Case #19
3
1 bottom
2 front
4 front

Case #20
1
1 left

Case #21
230
2 back
3 right
5 right
6 left
8 top
11 left
13 right
17 left
20 bottom
24 back
25 back
26 right
29 bottom
31 bottom
32 right
35 bottom
37 front
41 right
46 top
47 bottom
48 bottom
49 front
51 top
52 top
53 back
56 bottom
59 top
64 bottom
65 right
66 left
67 left
69 bottom
72 top
73 left
74 left
75 front
79 top
80 right
85 bottom
86 top
88 top
93 back
95 top
96 left
99 left
100 bottom
102 left
104 top
105 front
108 back
111 top
112 top
115 right
116 bottom
118 left
119 front
122 front
125 bottom
127 right
128 left
129 bottom
132 back
138 left
139 front
143 bottom
145 right
148 left
151 left
152 right
154 top
156 left
157 front
159 top
160 left
161 front
164 front
166 back
168 back
170 top
172 top
175 back
176 bottom
177 left
180 bottom
181 top
183 top
184 front
189 top
193 front
194 right
195 bottom
198 right
200 left
202 left
204 bottom
208 top
210 back
211 right
212 right
213 front
217 left
219 left
221 bottom
222 back
224 bottom
225 right
231 back
233 top
235 back
237 right
240 left
242 right
244 back
245 back
246 right
247 left
248 left
251 back
253 front
257 back
259 front
261 back
262 left
264 top
265 bottom
267 back
274 back
275 bottom
277 back
280 back
283 left
285 right
288 front
291 front
292 back
295 back
296 front
297 back
302 front
306 front
308 back
309 front
310 right
312 bottom
315 left
317 top
319 top
321 bottom
323 bottom
324 front
326 front
328 top
332 bottom
334 front
337 left
338 bottom
342 top
345 top
348 bottom
349 bottom
351 back
353 top
358 left
363 left
364 right
366 front
368 front
369 front
370 back
371 top
373 left
375 left
376 front
377 top
381 back
384 top
385 bottom
387 front
389 right
391 bottom
392 top
393 right
395 top
396 bottom
399 top
400 top
403 bottom
404 back
406 right
408 bottom
410 top
411 top
414 bottom
416 front
419 left
422 back
424 left
429 top
431 back
433 left
434 left
436 right
438 bottom
440 top
443 bottom
446 left
447 right
448 top
450 left
451 bottom
452 left
455 bottom
456 left
460 back
461 front
466 left
469 bottom
473 bottom
475 top
476 right
477 left
478 bottom
481 back
485 back
486 right
490 front
493 top
494 top
498 front
500 right
